<?xml version="1.0" encoding="utf-8"?><testsuites name="pytest tests"><testsuite name="pytest" errors="0" failures="0" skipped="0" tests="19" time="35.128" timestamp="2026-02-06T21:56:43.653260+00:00" hostname="agent-env-a62092f8-c53d-4661-96b8-20c23d1c61fa"><testcase classname="backend.tests.test_scheduler_ai.TestHealthEndpoints" name="test_api_root" time="0.076" /><testcase classname="backend.tests.test_scheduler_ai.TestHealthEndpoints" name="test_health_check" time="0.042" /><testcase classname="backend.tests.test_scheduler_ai.TestSchedulerStatus" name="test_scheduler_status_requires_auth" time="0.038" /><testcase classname="backend.tests.test_scheduler_ai.TestSchedulerStatus" name="test_scheduler_status_with_wrong_password" time="0.038" /><testcase classname="backend.tests.test_scheduler_ai.TestSchedulerStatus" name="test_scheduler_status_success" time="0.033" /><testcase classname="backend.tests.test_scheduler_ai.TestAIPostGeneration" name="test_generate_ai_requires_auth" time="0.034" /><testcase classname="backend.tests.test_scheduler_ai.TestAIPostGeneration" name="test_generate_ai_triggers_background_task" time="0.034" /><testcase classname="backend.tests.test_scheduler_ai.TestPublishedPosts" name="test_get_posts_returns_list" time="33.350" /><testcase classname="backend.tests.test_scheduler_ai.TestPublishedPosts" name="test_get_posts_with_pagination" time="0.158" /><testcase classname="backend.tests.test_scheduler_ai.TestPublishedPosts" name="test_get_posts_with_search" time="0.125" /><testcase classname="backend.tests.test_scheduler_ai.TestPublishedPosts" name="test_get_posts_with_tag_filter" time="0.084" /><testcase classname="backend.tests.test_scheduler_ai.TestPublishedPosts" name="test_get_posts_with_language_filter" time="0.123" /><testcase classname="backend.tests.test_scheduler_ai.TestPublishedPosts" name="test_posts_contain_ai_generated_field" time="0.133" /><testcase classname="backend.tests.test_scheduler_ai.TestSinglePost" name="test_get_post_by_slug" time="0.164" /><testcase classname="backend.tests.test_scheduler_ai.TestSinglePost" name="test_get_nonexistent_post" time="0.034" /><testcase classname="backend.tests.test_scheduler_ai.TestAdminPosts" name="test_admin_posts_requires_auth" time="0.035" /><testcase classname="backend.tests.test_scheduler_ai.TestAdminPosts" name="test_admin_posts_returns_all_posts" time="0.201" /><testcase classname="backend.tests.test_scheduler_ai.TestAllTags" name="test_get_all_tags" time="0.054" /><testcase classname="backend.tests.test_scheduler_ai.TestAdminPostCRUD" name="test_create_publish_unpublish_delete_post" time="0.279" /></testsuite></testsuites>